#
# A fatal error has been detected by the Java Runtime Environment:
#
#  EXCEPTION_ACCESS_VIOLATION (0xc0000005) at pc=0x00007ffaff203fe6, pid=15820, tid=3560
#
# JRE version: Java(TM) SE Runtime Environment (18.0.2+9) (build 18.0.2+9-61)
# Java VM: Java HotSpot(TM) 64-Bit Server VM (18.0.2+9-61, mixed mode, sharing, tiered, compressed oops, compressed class ptrs, g1 gc, windows-amd64)
# Problematic frame:
# C  0x00007ffaff203fe6
#
# No core dump will be written. Minidumps are not enabled by default on client versions of Windows
#
# If you would like to submit a bug report, please visit:
#   https://bugreport.java.com/bugreport/crash.jsp
#

---------------  S U M M A R Y ------------

Command Line: -Dfile.encoding=UTF-8 Principal.Main

Host: Intel(R) Core(TM) i5-10400F CPU @ 2.90GHz, 12 cores, 15G,  Windows 10 , 64 bit Build 19041 (10.0.19041.2251)
Time: Sat Dec  3 19:02:10 2022 Hora est. Pacífico, Sudamérica elapsed time: 19.115286 seconds (0d 0h 0m 19s)

---------------  T H R E A D  ---------------

Current thread is native thread

Stack: [0x000000cb31700000,0x000000cb31800000],  sp=0x000000cb317ff430,  free space=1021k
Native frames: (J=compiled Java code, j=interpreted, Vv=VM code, C=native code)
C  0x00007ffaff203fe6


siginfo: EXCEPTION_ACCESS_VIOLATION (0xc0000005), data execution prevention violation at address 0x00007ffaff203fe6


Registers:
RAX=0x0000000000000000, RBX=0x0000000000000000, RCX=0x00007ffb4d9949a4, RDX=0x0000000000000000
RSP=0x000000cb317ff430, RBP=0x000000cb317ff5b0, RSI=0x000001df57fe1ba0, RDI=0x000001df6a262380
R8 =0x000000cb317ff428, R9 =0x000000cb317ff5b0, R10=0x0000000000000000, R11=0x0000000000000246
R12=0x0000000000000000, R13=0x0000000000000000, R14=0x000001df6a262380, R15=0x0000000000000000
RIP=0x00007ffaff203fe6, EFLAGS=0x0000000000010246

Top of Stack: (sp=0x000000cb317ff430)
0x000000cb317ff430:   000000000000000f 000001df41010242
0x000000cb317ff440:   000001df58d1f3c0 00007ffaa9a66854
0x000000cb317ff450:   0000000040000100 000001df6a2624bc
0x000000cb317ff460:   000001df00000001 000001df696d5fa0
0x000000cb317ff470:   000001df6a262380 00007ffaa9a5f6ef
0x000000cb317ff480:   000001df58d185c0 000001df6a2622b0
0x000000cb317ff490:   0000000000000226 000001df6bc8e000
0x000000cb317ff4a0:   0000000000000000 00007ffaa9d112e6
0x000000cb317ff4b0:   0000000000000000 00007ffb4fc15ba1
0x000000cb317ff4c0:   000001df2e7b0000 000001df2e7b0000
0x000000cb317ff4d0:   0000000000000000 000001df2e7b0000
0x000000cb317ff4e0:   0000000000000000 0000000000000001
0x000000cb317ff4f0:   000001df6a2624bc 000000000000000d
0x000000cb317ff500:   000001df5923f3d0 00007ffa01e9708c
0x000000cb317ff510:   0000000100000169 000001df68598500
0x000000cb317ff520:   00000000000001e0 0000000000000000 

Instructions: (pc=0x00007ffaff203fe6)
0x00007ffaff203ee6:   ?? ?? ?? ?? ?? ?? ?? ?? ?? ?? ?? ?? ?? ?? ?? ??
0x00007ffaff203ef6:   ?? ?? ?? ?? ?? ?? ?? ?? ?? ?? ?? ?? ?? ?? ?? ??
0x00007ffaff203f06:   ?? ?? ?? ?? ?? ?? ?? ?? ?? ?? ?? ?? ?? ?? ?? ??
0x00007ffaff203f16:   ?? ?? ?? ?? ?? ?? ?? ?? ?? ?? ?? ?? ?? ?? ?? ??
0x00007ffaff203f26:   ?? ?? ?? ?? ?? ?? ?? ?? ?? ?? ?? ?? ?? ?? ?? ??
0x00007ffaff203f36:   ?? ?? ?? ?? ?? ?? ?? ?? ?? ?? ?? ?? ?? ?? ?? ??
0x00007ffaff203f46:   ?? ?? ?? ?? ?? ?? ?? ?? ?? ?? ?? ?? ?? ?? ?? ??
0x00007ffaff203f56:   ?? ?? ?? ?? ?? ?? ?? ?? ?? ?? ?? ?? ?? ?? ?? ??
0x00007ffaff203f66:   ?? ?? ?? ?? ?? ?? ?? ?? ?? ?? ?? ?? ?? ?? ?? ??
0x00007ffaff203f76:   ?? ?? ?? ?? ?? ?? ?? ?? ?? ?? ?? ?? ?? ?? ?? ??
0x00007ffaff203f86:   ?? ?? ?? ?? ?? ?? ?? ?? ?? ?? ?? ?? ?? ?? ?? ??
0x00007ffaff203f96:   ?? ?? ?? ?? ?? ?? ?? ?? ?? ?? ?? ?? ?? ?? ?? ??
0x00007ffaff203fa6:   ?? ?? ?? ?? ?? ?? ?? ?? ?? ?? ?? ?? ?? ?? ?? ??
0x00007ffaff203fb6:   ?? ?? ?? ?? ?? ?? ?? ?? ?? ?? ?? ?? ?? ?? ?? ??
0x00007ffaff203fc6:   ?? ?? ?? ?? ?? ?? ?? ?? ?? ?? ?? ?? ?? ?? ?? ??
0x00007ffaff203fd6:   ?? ?? ?? ?? ?? ?? ?? ?? ?? ?? ?? ?? ?? ?? ?? ??
0x00007ffaff203fe6:   ?? ?? ?? ?? ?? ?? ?? ?? ?? ?? ?? ?? ?? ?? ?? ??
0x00007ffaff203ff6:   ?? ?? ?? ?? ?? ?? ?? ?? ?? ?? ?? ?? ?? ?? ?? ??
0x00007ffaff204006:   ?? ?? ?? ?? ?? ?? ?? ?? ?? ?? ?? ?? ?? ?? ?? ??
0x00007ffaff204016:   ?? ?? ?? ?? ?? ?? ?? ?? ?? ?? ?? ?? ?? ?? ?? ??
0x00007ffaff204026:   ?? ?? ?? ?? ?? ?? ?? ?? ?? ?? ?? ?? ?? ?? ?? ??
0x00007ffaff204036:   ?? ?? ?? ?? ?? ?? ?? ?? ?? ?? ?? ?? ?? ?? ?? ??
0x00007ffaff204046:   ?? ?? ?? ?? ?? ?? ?? ?? ?? ?? ?? ?? ?? ?? ?? ??
0x00007ffaff204056:   ?? ?? ?? ?? ?? ?? ?? ?? ?? ?? ?? ?? ?? ?? ?? ??
0x00007ffaff204066:   ?? ?? ?? ?? ?? ?? ?? ?? ?? ?? ?? ?? ?? ?? ?? ??
0x00007ffaff204076:   ?? ?? ?? ?? ?? ?? ?? ?? ?? ?? ?? ?? ?? ?? ?? ??
0x00007ffaff204086:   ?? ?? ?? ?? ?? ?? ?? ?? ?? ?? ?? ?? ?? ?? ?? ??
0x00007ffaff204096:   ?? ?? ?? ?? ?? ?? ?? ?? ?? ?? ?? ?? ?? ?? ?? ??
0x00007ffaff2040a6:   ?? ?? ?? ?? ?? ?? ?? ?? ?? ?? ?? ?? ?? ?? ?? ??
0x00007ffaff2040b6:   ?? ?? ?? ?? ?? ?? ?? ?? ?? ?? ?? ?? ?? ?? ?? ??
0x00007ffaff2040c6:   ?? ?? ?? ?? ?? ?? ?? ?? ?? ?? ?? ?? ?? ?? ?? ??
0x00007ffaff2040d6:   ?? ?? ?? ?? ?? ?? ?? ?? ?? ?? ?? ?? ?? ?? ?? ?? 



---------------  P R O C E S S  ---------------

VM state: not at safepoint (normal execution)

VM Mutex/Monitor currently owned by a thread: None

Heap address: 0x0000000702000000, size: 4064 MB, Compressed Oops mode: Zero based, Oop shift amount: 3

CDS archive(s) mapped at: [0x0000000800000000-0x0000000800ba0000-0x0000000800ba0000), size 12189696, SharedBaseAddress: 0x0000000800000000, ArchiveRelocationMode: 0.
Compressed class space mapped at: 0x0000000800c00000-0x0000000840c00000, reserved size: 1073741824
Narrow klass base: 0x0000000800000000, Narrow klass shift: 0, Narrow klass range: 0x100000000

GC Precious Log:
<Skipped>

Heap:
 garbage-first heap   total 260096K, used 23141K [0x0000000702000000, 0x0000000800000000)
  region size 2048K, 10 young (20480K), 2 survivors (4096K)
 Metaspace       used 15459K, committed 15680K, reserved 1114112K
  class space    used 1691K, committed 1792K, reserved 1048576K

Heap Regions: E=young(eden), S=young(survivor), O=old, HS=humongous(starts), HC=humongous(continues), CS=collection set, F=free, OA=open archive, CA=closed archive, TAMS=top-at-mark-start (previous, next)
|   0|0x0000000702000000, 0x0000000702200000, 0x0000000702200000|100%|HS|  |TAMS 0x0000000702000000, 0x0000000702000000| Complete 
|   1|0x0000000702200000, 0x000000070239fa00, 0x0000000702400000| 81%| O|  |TAMS 0x0000000702200000, 0x0000000702200000| Untracked 
|   2|0x0000000702400000, 0x0000000702400000, 0x0000000702600000|  0%| F|  |TAMS 0x0000000702400000, 0x0000000702400000| Untracked 
|   3|0x0000000702600000, 0x0000000702600000, 0x0000000702800000|  0%| F|  |TAMS 0x0000000702600000, 0x0000000702600000| Untracked 
|   4|0x0000000702800000, 0x0000000702800000, 0x0000000702a00000|  0%| F|  |TAMS 0x0000000702800000, 0x0000000702800000| Untracked 
|   5|0x0000000702a00000, 0x0000000702a00000, 0x0000000702c00000|  0%| F|  |TAMS 0x0000000702a00000, 0x0000000702a00000| Untracked 
|   6|0x0000000702c00000, 0x0000000702c00000, 0x0000000702e00000|  0%| F|  |TAMS 0x0000000702c00000, 0x0000000702c00000| Untracked 
|   7|0x0000000702e00000, 0x0000000702e00000, 0x0000000703000000|  0%| F|  |TAMS 0x0000000702e00000, 0x0000000702e00000| Untracked 
|   8|0x0000000703000000, 0x0000000703000000, 0x0000000703200000|  0%| F|  |TAMS 0x0000000703000000, 0x0000000703000000| Untracked 
|   9|0x0000000703200000, 0x0000000703200000, 0x0000000703400000|  0%| F|  |TAMS 0x0000000703200000, 0x0000000703200000| Untracked 
|  10|0x0000000703400000, 0x0000000703400000, 0x0000000703600000|  0%| F|  |TAMS 0x0000000703400000, 0x0000000703400000| Untracked 
|  11|0x0000000703600000, 0x0000000703600000, 0x0000000703800000|  0%| F|  |TAMS 0x0000000703600000, 0x0000000703600000| Untracked 
|  12|0x0000000703800000, 0x0000000703800000, 0x0000000703a00000|  0%| F|  |TAMS 0x0000000703800000, 0x0000000703800000| Untracked 
|  13|0x0000000703a00000, 0x0000000703a00000, 0x0000000703c00000|  0%| F|  |TAMS 0x0000000703a00000, 0x0000000703a00000| Untracked 
|  14|0x0000000703c00000, 0x0000000703c00000, 0x0000000703e00000|  0%| F|  |TAMS 0x0000000703c00000, 0x0000000703c00000| Untracked 
|  15|0x0000000703e00000, 0x0000000703e00000, 0x0000000704000000|  0%| F|  |TAMS 0x0000000703e00000, 0x0000000703e00000| Untracked 
|  16|0x0000000704000000, 0x0000000704000000, 0x0000000704200000|  0%| F|  |TAMS 0x0000000704000000, 0x0000000704000000| Untracked 
|  17|0x0000000704200000, 0x0000000704200000, 0x0000000704400000|  0%| F|  |TAMS 0x0000000704200000, 0x0000000704200000| Untracked 
|  18|0x0000000704400000, 0x0000000704400000, 0x0000000704600000|  0%| F|  |TAMS 0x0000000704400000, 0x0000000704400000| Untracked 
|  19|0x0000000704600000, 0x0000000704600000, 0x0000000704800000|  0%| F|  |TAMS 0x0000000704600000, 0x0000000704600000| Untracked 
|  20|0x0000000704800000, 0x0000000704800000, 0x0000000704a00000|  0%| F|  |TAMS 0x0000000704800000, 0x0000000704800000| Untracked 
|  21|0x0000000704a00000, 0x0000000704a00000, 0x0000000704c00000|  0%| F|  |TAMS 0x0000000704a00000, 0x0000000704a00000| Untracked 
|  22|0x0000000704c00000, 0x0000000704c00000, 0x0000000704e00000|  0%| F|  |TAMS 0x0000000704c00000, 0x0000000704c00000| Untracked 
|  23|0x0000000704e00000, 0x0000000704e00000, 0x0000000705000000|  0%| F|  |TAMS 0x0000000704e00000, 0x0000000704e00000| Untracked 
|  24|0x0000000705000000, 0x0000000705000000, 0x0000000705200000|  0%| F|  |TAMS 0x0000000705000000, 0x0000000705000000| Untracked 
|  25|0x0000000705200000, 0x0000000705200000, 0x0000000705400000|  0%| F|  |TAMS 0x0000000705200000, 0x0000000705200000| Untracked 
|  26|0x0000000705400000, 0x0000000705400000, 0x0000000705600000|  0%| F|  |TAMS 0x0000000705400000, 0x0000000705400000| Untracked 
|  27|0x0000000705600000, 0x0000000705600000, 0x0000000705800000|  0%| F|  |TAMS 0x0000000705600000, 0x0000000705600000| Untracked 
|  28|0x0000000705800000, 0x0000000705800000, 0x0000000705a00000|  0%| F|  |TAMS 0x0000000705800000, 0x0000000705800000| Untracked 
|  29|0x0000000705a00000, 0x0000000705a00000, 0x0000000705c00000|  0%| F|  |TAMS 0x0000000705a00000, 0x0000000705a00000| Untracked 
|  30|0x0000000705c00000, 0x0000000705c00000, 0x0000000705e00000|  0%| F|  |TAMS 0x0000000705c00000, 0x0000000705c00000| Untracked 
|  31|0x0000000705e00000, 0x0000000705e00000, 0x0000000706000000|  0%| F|  |TAMS 0x0000000705e00000, 0x0000000705e00000| Untracked 
|  32|0x0000000706000000, 0x0000000706000000, 0x0000000706200000|  0%| F|  |TAMS 0x0000000706000000, 0x0000000706000000| Untracked 
|  33|0x0000000706200000, 0x0000000706200000, 0x0000000706400000|  0%| F|  |TAMS 0x0000000706200000, 0x0000000706200000| Untracked 
|  34|0x0000000706400000, 0x0000000706400000, 0x0000000706600000|  0%| F|  |TAMS 0x0000000706400000, 0x0000000706400000| Untracked 
|  35|0x0000000706600000, 0x0000000706600000, 0x0000000706800000|  0%| F|  |TAMS 0x0000000706600000, 0x0000000706600000| Untracked 
|  36|0x0000000706800000, 0x0000000706800000, 0x0000000706a00000|  0%| F|  |TAMS 0x0000000706800000, 0x0000000706800000| Untracked 
|  37|0x0000000706a00000, 0x0000000706a00000, 0x0000000706c00000|  0%| F|  |TAMS 0x0000000706a00000, 0x0000000706a00000| Untracked 
|  38|0x0000000706c00000, 0x0000000706c00000, 0x0000000706e00000|  0%| F|  |TAMS 0x0000000706c00000, 0x0000000706c00000| Untracked 
|  39|0x0000000706e00000, 0x0000000706e00000, 0x0000000707000000|  0%| F|  |TAMS 0x0000000706e00000, 0x0000000706e00000| Untracked 
|  40|0x0000000707000000, 0x0000000707000000, 0x0000000707200000|  0%| F|  |TAMS 0x0000000707000000, 0x0000000707000000| Untracked 
|  41|0x0000000707200000, 0x0000000707200000, 0x0000000707400000|  0%| F|  |TAMS 0x0000000707200000, 0x0000000707200000| Untracked 
|  42|0x0000000707400000, 0x0000000707400000, 0x0000000707600000|  0%| F|  |TAMS 0x0000000707400000, 0x0000000707400000| Untracked 
|  43|0x0000000707600000, 0x0000000707600000, 0x0000000707800000|  0%| F|  |TAMS 0x0000000707600000, 0x0000000707600000| Untracked 
|  44|0x0000000707800000, 0x0000000707800000, 0x0000000707a00000|  0%| F|  |TAMS 0x0000000707800000, 0x0000000707800000| Untracked 
|  45|0x0000000707a00000, 0x0000000707a00000, 0x0000000707c00000|  0%| F|  |TAMS 0x0000000707a00000, 0x0000000707a00000| Untracked 
|  46|0x0000000707c00000, 0x0000000707c00000, 0x0000000707e00000|  0%| F|  |TAMS 0x0000000707c00000, 0x0000000707c00000| Untracked 
|  47|0x0000000707e00000, 0x0000000707e00000, 0x0000000708000000|  0%| F|  |TAMS 0x0000000707e00000, 0x0000000707e00000| Untracked 
|  48|0x0000000708000000, 0x0000000708000000, 0x0000000708200000|  0%| F|  |TAMS 0x0000000708000000, 0x0000000708000000| Untracked 
|  49|0x0000000708200000, 0x0000000708200000, 0x0000000708400000|  0%| F|  |TAMS 0x0000000708200000, 0x0000000708200000| Untracked 
|  50|0x0000000708400000, 0x0000000708400000, 0x0000000708600000|  0%| F|  |TAMS 0x0000000708400000, 0x0000000708400000| Untracked 
|  51|0x0000000708600000, 0x0000000708600000, 0x0000000708800000|  0%| F|  |TAMS 0x0000000708600000, 0x0000000708600000| Untracked 
|  52|0x0000000708800000, 0x0000000708800000, 0x0000000708a00000|  0%| F|  |TAMS 0x0000000708800000, 0x0000000708800000| Untracked 
|  53|0x0000000708a00000, 0x0000000708a00000, 0x0000000708c00000|  0%| F|  |TAMS 0x0000000708a00000, 0x0000000708a00000| Untracked 
|  54|0x0000000708c00000, 0x0000000708c00000, 0x0000000708e00000|  0%| F|  |TAMS 0x0000000708c00000, 0x0000000708c00000| Untracked 
|  55|0x0000000708e00000, 0x0000000708e00000, 0x0000000709000000|  0%| F|  |TAMS 0x0000000708e00000, 0x0000000708e00000| Untracked 
|  56|0x0000000709000000, 0x0000000709000000, 0x0000000709200000|  0%| F|  |TAMS 0x0000000709000000, 0x0000000709000000| Untracked 
|  57|0x0000000709200000, 0x0000000709200000, 0x0000000709400000|  0%| F|  |TAMS 0x0000000709200000, 0x0000000709200000| Untracked 
|  58|0x0000000709400000, 0x0000000709400000, 0x0000000709600000|  0%| F|  |TAMS 0x0000000709400000, 0x0000000709400000| Untracked 
|  59|0x0000000709600000, 0x0000000709600000, 0x0000000709800000|  0%| F|  |TAMS 0x0000000709600000, 0x0000000709600000| Untracked 
|  60|0x0000000709800000, 0x0000000709800000, 0x0000000709a00000|  0%| F|  |TAMS 0x0000000709800000, 0x0000000709800000| Untracked 
|  61|0x0000000709a00000, 0x0000000709a00000, 0x0000000709c00000|  0%| F|  |TAMS 0x0000000709a00000, 0x0000000709a00000| Untracked 
|  62|0x0000000709c00000, 0x0000000709c00000, 0x0000000709e00000|  0%| F|  |TAMS 0x0000000709c00000, 0x0000000709c00000| Untracked 
|  63|0x0000000709e00000, 0x0000000709e00000, 0x000000070a000000|  0%| F|  |TAMS 0x0000000709e00000, 0x0000000709e00000| Untracked 
|  64|0x000000070a000000, 0x000000070a000000, 0x000000070a200000|  0%| F|  |TAMS 0x000000070a000000, 0x000000070a000000| Untracked 
|  65|0x000000070a200000, 0x000000070a200000, 0x000000070a400000|  0%| F|  |TAMS 0x000000070a200000, 0x000000070a200000| Untracked 
|  66|0x000000070a400000, 0x000000070a400000, 0x000000070a600000|  0%| F|  |TAMS 0x000000070a400000, 0x000000070a400000| Untracked 
|  67|0x000000070a600000, 0x000000070a600000, 0x000000070a800000|  0%| F|  |TAMS 0x000000070a600000, 0x000000070a600000| Untracked 
|  68|0x000000070a800000, 0x000000070a800000, 0x000000070aa00000|  0%| F|  |TAMS 0x000000070a800000, 0x000000070a800000| Untracked 
|  69|0x000000070aa00000, 0x000000070aa00000, 0x000000070ac00000|  0%| F|  |TAMS 0x000000070aa00000, 0x000000070aa00000| Untracked 
|  70|0x000000070ac00000, 0x000000070ac00000, 0x000000070ae00000|  0%| F|  |TAMS 0x000000070ac00000, 0x000000070ac00000| Untracked 
|  71|0x000000070ae00000, 0x000000070ae00000, 0x000000070b000000|  0%| F|  |TAMS 0x000000070ae00000, 0x000000070ae00000| Untracked 
|  72|0x000000070b000000, 0x000000070b000000, 0x000000070b200000|  0%| F|  |TAMS 0x000000070b000000, 0x000000070b000000| Untracked 
|  73|0x000000070b200000, 0x000000070b200000, 0x000000070b400000|  0%| F|  |TAMS 0x000000070b200000, 0x000000070b200000| Untracked 
|  74|0x000000070b400000, 0x000000070b400000, 0x000000070b600000|  0%| F|  |TAMS 0x000000070b400000, 0x000000070b400000| Untracked 
|  75|0x000000070b600000, 0x000000070b600000, 0x000000070b800000|  0%| F|  |TAMS 0x000000070b600000, 0x000000070b600000| Untracked 
|  76|0x000000070b800000, 0x000000070b800000, 0x000000070ba00000|  0%| F|  |TAMS 0x000000070b800000, 0x000000070b800000| Untracked 
|  77|0x000000070ba00000, 0x000000070ba00000, 0x000000070bc00000|  0%| F|  |TAMS 0x000000070ba00000, 0x000000070ba00000| Untracked 
|  78|0x000000070bc00000, 0x000000070bc00000, 0x000000070be00000|  0%| F|  |TAMS 0x000000070bc00000, 0x000000070bc00000| Untracked 
|  79|0x000000070be00000, 0x000000070be00000, 0x000000070c000000|  0%| F|  |TAMS 0x000000070be00000, 0x000000070be00000| Untracked 
|  80|0x000000070c000000, 0x000000070c000000, 0x000000070c200000|  0%| F|  |TAMS 0x000000070c000000, 0x000000070c000000| Untracked 
|  81|0x000000070c200000, 0x000000070c200000, 0x000000070c400000|  0%| F|  |TAMS 0x000000070c200000, 0x000000070c200000| Untracked 
|  82|0x000000070c400000, 0x000000070c400000, 0x000000070c600000|  0%| F|  |TAMS 0x000000070c400000, 0x000000070c400000| Untracked 
|  83|0x000000070c600000, 0x000000070c600000, 0x000000070c800000|  0%| F|  |TAMS 0x000000070c600000, 0x000000070c600000| Untracked 
|  84|0x000000070c800000, 0x000000070c800000, 0x000000070ca00000|  0%| F|  |TAMS 0x000000070c800000, 0x000000070c800000| Untracked 
|  85|0x000000070ca00000, 0x000000070ca00000, 0x000000070cc00000|  0%| F|  |TAMS 0x000000070ca00000, 0x000000070ca00000| Untracked 
|  86|0x000000070cc00000, 0x000000070cc00000, 0x000000070ce00000|  0%| F|  |TAMS 0x000000070cc00000, 0x000000070cc00000| Untracked 
|  87|0x000000070ce00000, 0x000000070ce00000, 0x000000070d000000|  0%| F|  |TAMS 0x000000070ce00000, 0x000000070ce00000| Untracked 
|  88|0x000000070d000000, 0x000000070d000000, 0x000000070d200000|  0%| F|  |TAMS 0x000000070d000000, 0x000000070d000000| Untracked 
|  89|0x000000070d200000, 0x000000070d200000, 0x000000070d400000|  0%| F|  |TAMS 0x000000070d200000, 0x000000070d200000| Untracked 
|  90|0x000000070d400000, 0x000000070d400000, 0x000000070d600000|  0%| F|  |TAMS 0x000000070d400000, 0x000000070d400000| Untracked 
|  91|0x000000070d600000, 0x000000070d600000, 0x000000070d800000|  0%| F|  |TAMS 0x000000070d600000, 0x000000070d600000| Untracked 
|  92|0x000000070d800000, 0x000000070d800000, 0x000000070da00000|  0%| F|  |TAMS 0x000000070d800000, 0x000000070d800000| Untracked 
|  93|0x000000070da00000, 0x000000070da00000, 0x000000070dc00000|  0%| F|  |TAMS 0x000000070da00000, 0x000000070da00000| Untracked 
|  94|0x000000070dc00000, 0x000000070dc00000, 0x000000070de00000|  0%| F|  |TAMS 0x000000070dc00000, 0x000000070dc00000| Untracked 
|  95|0x000000070de00000, 0x000000070de00000, 0x000000070e000000|  0%| F|  |TAMS 0x000000070de00000, 0x000000070de00000| Untracked 
|  96|0x000000070e000000, 0x000000070e000000, 0x000000070e200000|  0%| F|  |TAMS 0x000000070e000000, 0x000000070e000000| Untracked 
|  97|0x000000070e200000, 0x000000070e200000, 0x000000070e400000|  0%| F|  |TAMS 0x000000070e200000, 0x000000070e200000| Untracked 
|  98|0x000000070e400000, 0x000000070e400000, 0x000000070e600000|  0%| F|  |TAMS 0x000000070e400000, 0x000000070e400000| Untracked 
|  99|0x000000070e600000, 0x000000070e600000, 0x000000070e800000|  0%| F|  |TAMS 0x000000070e600000, 0x000000070e600000| Untracked 
| 100|0x000000070e800000, 0x000000070e800000, 0x000000070ea00000|  0%| F|  |TAMS 0x000000070e800000, 0x000000070e800000| Untracked 
| 101|0x000000070ea00000, 0x000000070ea00000, 0x000000070ec00000|  0%| F|  |TAMS 0x000000070ea00000, 0x000000070ea00000| Untracked 
| 102|0x000000070ec00000, 0x000000070ec00000, 0x000000070ee00000|  0%| F|  |TAMS 0x000000070ec00000, 0x000000070ec00000| Untracked 
| 103|0x000000070ee00000, 0x000000070ee00000, 0x000000070f000000|  0%| F|  |TAMS 0x000000070ee00000, 0x000000070ee00000| Untracked 
| 104|0x000000070f000000, 0x000000070f000000, 0x000000070f200000|  0%| F|  |TAMS 0x000000070f000000, 0x000000070f000000| Untracked 
| 105|0x000000070f200000, 0x000000070f200000, 0x000000070f400000|  0%| F|  |TAMS 0x000000070f200000, 0x000000070f200000| Untracked 
| 106|0x000000070f400000, 0x000000070f400000, 0x000000070f600000|  0%| F|  |TAMS 0x000000070f400000, 0x000000070f400000| Untracked 
| 107|0x000000070f600000, 0x000000070f600000, 0x000000070f800000|  0%| F|  |TAMS 0x000000070f600000, 0x000000070f600000| Untracked 
| 108|0x000000070f800000, 0x000000070f800000, 0x000000070fa00000|  0%| F|  |TAMS 0x000000070f800000, 0x000000070f800000| Untracked 
| 109|0x000000070fa00000, 0x000000070fa00000, 0x000000070fc00000|  0%| F|  |TAMS 0x000000070fa00000, 0x000000070fa00000| Untracked 
| 110|0x000000070fc00000, 0x000000070fc00000, 0x000000070fe00000|  0%| F|  |TAMS 0x000000070fc00000, 0x000000070fc00000| Untracked 
| 111|0x000000070fe00000, 0x000000070fe00000, 0x0000000710000000|  0%| F|  |TAMS 0x000000070fe00000, 0x000000070fe00000| Untracked 
| 112|0x0000000710000000, 0x0000000710000000, 0x0000000710200000|  0%| F|  |TAMS 0x0000000710000000, 0x0000000710000000| Untracked 
| 113|0x0000000710200000, 0x0000000710200000, 0x0000000710400000|  0%| F|  |TAMS 0x0000000710200000, 0x0000000710200000| Untracked 
| 114|0x0000000710400000, 0x0000000710600000, 0x0000000710600000|100%| S|CS|TAMS 0x0000000710400000, 0x0000000710400000| Complete 
| 115|0x0000000710600000, 0x0000000710800000, 0x0000000710800000|100%| S|CS|TAMS 0x0000000710600000, 0x0000000710600000| Complete 
| 116|0x0000000710800000, 0x0000000710800000, 0x0000000710a00000|  0%| F|  |TAMS 0x0000000710800000, 0x0000000710800000| Untracked 
| 117|0x0000000710a00000, 0x0000000710a00000, 0x0000000710c00000|  0%| F|  |TAMS 0x0000000710a00000, 0x0000000710a00000| Untracked 
| 118|0x0000000710c00000, 0x0000000710c00000, 0x0000000710e00000|  0%| F|  |TAMS 0x0000000710c00000, 0x0000000710c00000| Untracked 
| 119|0x0000000710e00000, 0x0000000710ef9bb0, 0x0000000711000000| 48%| E|  |TAMS 0x0000000710e00000, 0x0000000710e00000| Complete 
| 120|0x0000000711000000, 0x0000000711200000, 0x0000000711200000|100%| E|CS|TAMS 0x0000000711000000, 0x0000000711000000| Complete 
| 121|0x0000000711200000, 0x0000000711400000, 0x0000000711400000|100%| E|CS|TAMS 0x0000000711200000, 0x0000000711200000| Complete 
| 122|0x0000000711400000, 0x0000000711600000, 0x0000000711600000|100%| E|CS|TAMS 0x0000000711400000, 0x0000000711400000| Complete 
| 123|0x0000000711600000, 0x0000000711800000, 0x0000000711800000|100%| E|CS|TAMS 0x0000000711600000, 0x0000000711600000| Complete 
| 124|0x0000000711800000, 0x0000000711a00000, 0x0000000711a00000|100%| E|CS|TAMS 0x0000000711800000, 0x0000000711800000| Complete 
| 125|0x0000000711a00000, 0x0000000711c00000, 0x0000000711c00000|100%| E|CS|TAMS 0x0000000711a00000, 0x0000000711a00000| Complete 
| 126|0x0000000711c00000, 0x0000000711e00000, 0x0000000711e00000|100%| E|CS|TAMS 0x0000000711c00000, 0x0000000711c00000| Complete 

Card table byte_map: [0x000001df47f50000,0x000001df48740000] _byte_map_base: 0x000001df44740000

Marking Bits (Prev, Next): (CMBitMap*) 0x000001df30932860, (CMBitMap*) 0x000001df309328a0
 Prev Bits: [0x000001df48f30000, 0x000001df4ceb0000)
 Next Bits: [0x000001df4ceb0000, 0x000001df50e30000)

Polling page: 0x000001df30090000

Metaspace:

Usage:
  Non-class:     13.45 MB used.
      Class:      1.65 MB used.
       Both:     15.10 MB used.

Virtual space:
  Non-class space:       64.00 MB reserved,      13.56 MB ( 21%) committed,  1 nodes.
      Class space:        1.00 GB reserved,       1.75 MB ( <1%) committed,  1 nodes.
             Both:        1.06 GB reserved,      15.31 MB (  1%) committed. 

Chunk freelists:
   Non-Class:  2.33 MB
       Class:  2.20 MB
        Both:  4.53 MB

MaxMetaspaceSize: unlimited
CompressedClassSpaceSize: 1.00 GB
Initial GC threshold: 21.00 MB
Current GC threshold: 21.00 MB
CDS: on
MetaspaceReclaimPolicy: balanced
 - commit_granule_bytes: 65536.
 - commit_granule_words: 8192.
 - virtual_space_node_default_size: 8388608.
 - enlarge_chunks_in_place: 1.
 - new_chunks_are_fully_committed: 0.
 - uncommit_free_chunks: 1.
 - use_allocation_guard: 0.


Internal statistics:

num_allocs_failed_limit: 0.
num_arena_births: 158.
num_arena_deaths: 0.
num_vsnodes_births: 2.
num_vsnodes_deaths: 0.
num_space_committed: 245.
num_space_uncommitted: 0.
num_chunks_returned_to_freelist: 0.
num_chunks_taken_from_freelist: 359.
num_chunk_merges: 0.
num_chunk_splits: 207.
num_chunks_enlarged: 104.
num_inconsistent_stats: 0.

CodeHeap 'non-profiled nmethods': size=120000Kb used=1160Kb max_used=1160Kb free=118839Kb
 bounds [0x000001df3fcd0000, 0x000001df3ff40000, 0x000001df47200000]
CodeHeap 'profiled nmethods': size=120000Kb used=5331Kb max_used=5331Kb free=114668Kb
 bounds [0x000001df387a0000, 0x000001df38ce0000, 0x000001df3fcd0000]
CodeHeap 'non-nmethods': size=5760Kb used=1359Kb max_used=1442Kb free=4400Kb
 bounds [0x000001df38200000, 0x000001df38470000, 0x000001df387a0000]
 total_blobs=3412 nmethods=2714 adapters=609
 compilation: enabled
              stopped_count=0, restarted_count=0
 full_count=0

Compilation events (20 events):
Event: 18.155 Thread 0x000001df53a50ec0 2706       3       sun.java2d.pipe.Region::getIntersection (21 bytes)
Event: 18.155 Thread 0x000001df53a50ec0 nmethod 2706 0x000001df38cd0410 code [0x000001df38cd05c0, 0x000001df38cd0728]
Event: 18.184 Thread 0x000001df53a4c5c0 2707       4       java.awt.geom.AffineTransform::transform (635 bytes)
Event: 18.190 Thread 0x000001df53a4c5c0 nmethod 2707 0x000001df3fdf1510 code [0x000001df3fdf16a0, 0x000001df3fdf1cd8]
Event: 18.526 Thread 0x000001df53a50ec0 2708       3       java.awt.EventQueue::getNextEventPrivate (76 bytes)
Event: 18.526 Thread 0x000001df53a50ec0 nmethod 2708 0x000001df38cd0810 code [0x000001df38cd09e0, 0x000001df38cd0d68]
Event: 18.538 Thread 0x000001df53a50ec0 2709   !   3       java.awt.EventQueue::getNextEvent (84 bytes)
Event: 18.538 Thread 0x000001df53a50ec0 nmethod 2709 0x000001df38cd0f10 code [0x000001df38cd1160, 0x000001df38cd1a28]
Event: 18.542 Thread 0x000001df53a50ec0 2710       3       java.awt.Toolkit$SelectiveAWTEventListener::eventDispatched (745 bytes)
Event: 18.542 Thread 0x000001df53a50ec0 nmethod 2710 0x000001df38cd1e10 code [0x000001df38cd2080, 0x000001df38cd35a8]
Event: 18.794 Thread 0x000001df53a50ec0 2711       3       java.util.HashMap$KeySet::<init> (10 bytes)
Event: 18.795 Thread 0x000001df53a50ec0 nmethod 2711 0x000001df38cd3990 code [0x000001df38cd3b40, 0x000001df38cd3dd8]
Event: 19.103 Thread 0x000001df53a4c5c0 2712       4       sun.java2d.StateTrackableDelegate::markDirty (6 bytes)
Event: 19.103 Thread 0x000001df53a50ec0 2713       3       sun.java2d.d3d.D3DSurfaceData::setSurfaceLost (29 bytes)
Event: 19.103 Thread 0x000001df53a4c5c0 nmethod 2712 0x000001df3fdf2090 code [0x000001df3fdf2200, 0x000001df3fdf22d8]
Event: 19.103 Thread 0x000001df53a50ec0 nmethod 2713 0x000001df38cd3f10 code [0x000001df38cd40e0, 0x000001df38cd4458]
Event: 19.103 Thread 0x000001df53a50ec0 2714       3       sun.java2d.SurfaceData::setSurfaceLost (13 bytes)
Event: 19.103 Thread 0x000001df53a50ec0 nmethod 2714 0x000001df38cd4590 code [0x000001df38cd4720, 0x000001df38cd48d8]
Event: 19.103 Thread 0x000001df53a50ec0 2715       3       sun.awt.image.VolatileSurfaceManager::acceleratedSurfaceLost (24 bytes)
Event: 19.103 Thread 0x000001df53a50ec0 nmethod 2715 0x000001df38cd4990 code [0x000001df38cd4b20, 0x000001df38cd4cd8]

GC Heap History (2 events):
Event: 6.578 GC heap before
{Heap before GC invocations=0 (full 0):
 garbage-first heap   total 260096K, used 22528K [0x0000000702000000, 0x0000000800000000)
  region size 2048K, 11 young (22528K), 0 survivors (0K)
 Metaspace       used 10575K, committed 10816K, reserved 1114112K
  class space    used 1125K, committed 1216K, reserved 1048576K
}
Event: 6.581 GC heap after
{Heap after GC invocations=1 (full 0):
 garbage-first heap   total 260096K, used 7806K [0x0000000702000000, 0x0000000800000000)
  region size 2048K, 2 young (4096K), 2 survivors (4096K)
 Metaspace       used 10575K, committed 10816K, reserved 1114112K
  class space    used 1125K, committed 1216K, reserved 1048576K
}

Deoptimization events (20 events):
Event: 17.849 Thread 0x000001df69525ae0 DEOPT PACKING pc=0x000001df3fdd48a8 sp=0x000000cb319febb0
Event: 17.849 Thread 0x000001df69525ae0 DEOPT UNPACKING pc=0x000001df382523a3 sp=0x000000cb319fe920 mode 2
Event: 17.849 Thread 0x000001df69525ae0 Uncommon trap: trap_request=0xffffff3d fr.pc=0x000001df3fd83fa0 relative=0x00000000000000a0
Event: 17.849 Thread 0x000001df69525ae0 Uncommon trap: reason=unstable_fused_if action=reinterpret pc=0x000001df3fd83fa0 method=java.awt.EventQueue.eventToCacheIndex(Ljava/awt/AWTEvent;)I @ 4 c2
Event: 17.849 Thread 0x000001df69525ae0 DEOPT PACKING pc=0x000001df3fd83fa0 sp=0x000000cb319fea00
Event: 17.849 Thread 0x000001df69525ae0 DEOPT UNPACKING pc=0x000001df382523a3 sp=0x000000cb319fe998 mode 2
Event: 17.849 Thread 0x000001df69525ae0 Uncommon trap: trap_request=0xffffff3d fr.pc=0x000001df3fdc38ac relative=0x0000000000006c8c
Event: 17.849 Thread 0x000001df69525ae0 Uncommon trap: reason=unstable_fused_if action=reinterpret pc=0x000001df3fdc38ac method=java.awt.EventQueue.eventToCacheIndex(Ljava/awt/AWTEvent;)I @ 4 c2
Event: 17.849 Thread 0x000001df69525ae0 DEOPT PACKING pc=0x000001df3fdc38ac sp=0x000000cb319fece0
Event: 17.849 Thread 0x000001df69525ae0 DEOPT UNPACKING pc=0x000001df382523a3 sp=0x000000cb319febf8 mode 2
Event: 17.849 Thread 0x000001df69525ae0 Uncommon trap: trap_request=0xffffff45 fr.pc=0x000001df3fda90fc relative=0x000000000000069c
Event: 17.849 Thread 0x000001df69525ae0 Uncommon trap: reason=unstable_if action=reinterpret pc=0x000001df3fda90fc method=java.awt.Toolkit$SelectiveAWTEventListener.eventDispatched(Ljava/awt/AWTEvent;)V @ 230 c2
Event: 17.849 Thread 0x000001df69525ae0 DEOPT PACKING pc=0x000001df3fda90fc sp=0x000000cb319fe5d0
Event: 17.849 Thread 0x000001df69525ae0 DEOPT UNPACKING pc=0x000001df382523a3 sp=0x000000cb319fe540 mode 2
Event: 17.852 Thread 0x000001df69525ae0 Uncommon trap: trap_request=0xffffff3d fr.pc=0x000001df3fda33a8 relative=0x0000000000000408
Event: 17.852 Thread 0x000001df69525ae0 Uncommon trap: reason=unstable_fused_if action=reinterpret pc=0x000001df3fda33a8 method=java.awt.EventQueue.eventToCacheIndex(Ljava/awt/AWTEvent;)I @ 4 c2
Event: 17.852 Thread 0x000001df69525ae0 DEOPT PACKING pc=0x000001df3fda33a8 sp=0x000000cb319fed10
Event: 17.852 Thread 0x000001df69525ae0 DEOPT UNPACKING pc=0x000001df382523a3 sp=0x000000cb319febe8 mode 2
Event: 18.030 Thread 0x000001df69525ae0 DEOPT PACKING pc=0x000001df388cbc3e sp=0x000000cb319fc210
Event: 18.030 Thread 0x000001df69525ae0 DEOPT UNPACKING pc=0x000001df38252b43 sp=0x000000cb319fb688 mode 0

Classes loaded (20 events):
Event: 8.741 Loading class javax/swing/plaf/BorderUIResource$LineBorderUIResource
Event: 8.741 Loading class javax/swing/plaf/BorderUIResource$LineBorderUIResource done
Event: 9.940 Loading class java/security/DomainCombiner
Event: 9.940 Loading class java/security/DomainCombiner done
Event: 10.144 Loading class javax/swing/ButtonGroup
Event: 10.144 Loading class javax/swing/ButtonGroup done
Event: 17.791 Loading class java/util/AbstractList$ListItr
Event: 17.791 Loading class java/util/AbstractList$ListItr done
Event: 17.802 Loading class java/awt/ColorPaintContext
Event: 17.802 Loading class java/awt/PaintContext
Event: 17.802 Loading class java/awt/PaintContext done
Event: 17.802 Loading class java/awt/ColorPaintContext done
Event: 17.802 Loading class sun/java2d/pipe/AlphaPaintPipe$TileContext
Event: 17.802 Loading class sun/java2d/pipe/AlphaPaintPipe$TileContext done
Event: 17.803 Loading class sun/java2d/loops/MaskBlit$General
Event: 17.803 Loading class sun/java2d/loops/GraphicsPrimitive$GeneralBinaryOp
Event: 17.803 Loading class sun/java2d/loops/GraphicsPrimitive$GeneralBinaryOp done
Event: 17.803 Loading class sun/java2d/loops/MaskBlit$General done
Event: 17.852 Loading class javax/swing/DefaultDesktopManager$1
Event: 17.852 Loading class javax/swing/DefaultDesktopManager$1 done

Classes unloaded (0 events):
No events

Classes redefined (0 events):
No events

Internal exceptions (20 events):
Event: 0.109 Thread 0x000001df308c2bb0 Exception <a 'java/lang/NoSuchMethodError'{0x0000000711aa3a18}: 'java.lang.Object java.lang.invoke.DirectMethodHandle$Holder.invokeStaticInit(java.lang.Object)'> (0x0000000711aa3a18) 
thrown [s\open\src\hotspot\share\interpreter\linkResolver.cpp, line 759]
Event: 0.286 Thread 0x000001df308c2bb0 Exception <a 'java/lang/NoSuchMethodError'{0x0000000711b5efb0}: 'void java.lang.invoke.DirectMethodHandle$Holder.invokeSpecial(java.lang.Object, java.lang.Object, java.lang.Object)'> (0x0000000711b5efb0) 
thrown [s\open\src\hotspot\share\interpreter\linkResolver.cpp, line 759]
Event: 0.291 Thread 0x000001df308c2bb0 Exception <a 'java/lang/NoSuchMethodError'{0x0000000711b8a038}: 'java.lang.Object java.lang.invoke.DirectMethodHandle$Holder.newInvokeSpecial(java.lang.Object, java.lang.Object, java.lang.Object, java.lang.Object, java.lang.Object)'> (0x0000000711b8a038) 
thrown [s\open\src\hotspot\share\interpreter\linkResolver.cpp, line 759]
Event: 0.295 Thread 0x000001df308c2bb0 Exception <a 'java/lang/NoSuchMethodError'{0x0000000711bbbb48}: 'java.lang.Object java.lang.invoke.DirectMethodHandle$Holder.invokeStatic(java.lang.Object, int, java.lang.Object)'> (0x0000000711bbbb48) 
thrown [s\open\src\hotspot\share\interpreter\linkResolver.cpp, line 759]
Event: 0.312 Thread 0x000001df308c2bb0 Exception <a 'java/lang/ClassNotFoundException'{0x0000000711879108}: com/sun/swing/internal/plaf/metal/resources/spi/metalProvider> (0x0000000711879108) 
thrown [s\open\src\hotspot\share\classfile\systemDictionary.cpp, line 255]
Event: 0.313 Thread 0x000001df308c2bb0 Exception <a 'java/lang/ClassNotFoundException'{0x000000071187d170}: com/sun/swing/internal/plaf/basic/resources/spi/basicProvider> (0x000000071187d170) 
thrown [s\open\src\hotspot\share\classfile\systemDictionary.cpp, line 255]
Event: 0.319 Thread 0x000001df308c2bb0 Exception <a 'java/lang/NoSuchMethodError'{0x000000071189db38}: 'int java.lang.invoke.Invokers$Holder.invokeExact_MT(java.lang.Object, java.lang.Object)'> (0x000000071189db38) 
thrown [s\open\src\hotspot\share\interpreter\linkResolver.cpp, line 759]
Event: 0.357 Thread 0x000001df592aa2f0 Exception <a 'java/lang/NoSuchMethodError'{0x0000000711674d58}: 'java.lang.Object java.lang.invoke.DirectMethodHandle$Holder.newInvokeSpecial(java.lang.Object, java.lang.Object, java.lang.Object, int, int, int, int, int)'> (0x0000000711674d58) 
thrown [s\open\src\hotspot\share\interpreter\linkResolver.cpp, line 759]
Event: 0.390 Thread 0x000001df57f03f30 Exception <a 'java/lang/NoSuchMethodError'{0x0000000711af1970}: 'void java.lang.invoke.DirectMethodHandle$Holder.invokeVirtual(java.lang.Object, java.lang.Object)'> (0x0000000711af1970) 
thrown [s\open\src\hotspot\share\interpreter\linkResolver.cpp, line 759]
Event: 0.399 Thread 0x000001df308c2bb0 Exception <a 'java/lang/NoSuchMethodError'{0x00000007118dab20}: 'void java.lang.invoke.DirectMethodHandle$Holder.invokeStaticInit(java.lang.Object)'> (0x00000007118dab20) 
thrown [s\open\src\hotspot\share\interpreter\linkResolver.cpp, line 759]
Event: 0.447 Thread 0x000001df308c2bb0 Exception <a 'java/io/FileNotFoundException'{0x00000007113be8d0}> (0x00000007113be8d0) 
thrown [s\open\src\hotspot\share\prims\jni.cpp, line 516]
Event: 0.449 Thread 0x000001df308c2bb0 Exception <a 'java/io/FileNotFoundException'{0x00000007113d53e0}> (0x00000007113d53e0) 
thrown [s\open\src\hotspot\share\prims\jni.cpp, line 516]
Event: 0.464 Thread 0x000001df308c2bb0 Exception <a 'java/io/FileNotFoundException'{0x0000000711053a38}> (0x0000000711053a38) 
thrown [s\open\src\hotspot\share\prims\jni.cpp, line 516]
Event: 0.467 Thread 0x000001df308c2bb0 Exception <a 'java/io/FileNotFoundException'{0x00000007110696c0}> (0x00000007110696c0) 
thrown [s\open\src\hotspot\share\prims\jni.cpp, line 516]
Event: 6.535 Thread 0x000001df69525ae0 Exception <a 'java/lang/NoSuchMethodError'{0x0000000710b5fb58}: 'java.lang.Object java.lang.invoke.DirectMethodHandle$Holder.invokeInterface(java.lang.Object, java.lang.Object)'> (0x0000000710b5fb58) 
thrown [s\open\src\hotspot\share\interpreter\linkResolver.cpp, line 759]
Event: 6.549 Thread 0x000001df69525ae0 Exception <a 'java/lang/NoSuchMethodError'{0x0000000710bdebd0}: 'void java.lang.invoke.DirectMethodHandle$Holder.invokeStatic(java.lang.Object, java.lang.Object, java.lang.Object)'> (0x0000000710bdebd0) 
thrown [s\open\src\hotspot\share\interpreter\linkResolver.cpp, line 759]
Event: 6.549 Thread 0x000001df69525ae0 Exception <a 'java/lang/NoSuchMethodError'{0x0000000710be9128}: 'java.lang.Object java.lang.invoke.DirectMethodHandle$Holder.invokeVirtual(java.lang.Object, java.lang.Object, java.lang.Object)'> (0x0000000710be9128) 
thrown [s\open\src\hotspot\share\interpreter\linkResolver.cpp, line 759]
Event: 6.604 Thread 0x000001df69525ae0 Exception <a 'java/lang/NoSuchMethodError'{0x0000000711d8ed70}: 'void java.lang.invoke.DirectMethodHandle$Holder.invokeStatic(java.lang.Object, java.lang.Object)'> (0x0000000711d8ed70) 
thrown [s\open\src\hotspot\share\interpreter\linkResolver.cpp, line 759]
Event: 7.726 Thread 0x000001df698d90b0 Implicit null exception at 0x000001df3fd2132e to 0x000001df3fd2214c
Event: 7.748 Thread 0x000001df69525ae0 Exception <a 'java/lang/NoSuchMethodError'{0x000000071178be88}: 'int java.lang.invoke.DirectMethodHandle$Holder.invokeStatic(java.lang.Object)'> (0x000000071178be88) 
thrown [s\open\src\hotspot\share\interpreter\linkResolver.cpp, line 759]

VM Operations (20 events):
Event: 7.663 Executing VM operation: HandshakeAllThreads
Event: 7.663 Executing VM operation: HandshakeAllThreads done
Event: 7.664 Executing VM operation: HandshakeAllThreads
Event: 7.664 Executing VM operation: HandshakeAllThreads done
Event: 7.669 Executing VM operation: HandshakeAllThreads
Event: 7.669 Executing VM operation: HandshakeAllThreads done
Event: 7.684 Executing VM operation: HandshakeAllThreads
Event: 7.684 Executing VM operation: HandshakeAllThreads done
Event: 8.684 Executing VM operation: Cleanup
Event: 8.684 Executing VM operation: Cleanup done
Event: 8.734 Executing VM operation: HandshakeAllThreads
Event: 8.734 Executing VM operation: HandshakeAllThreads done
Event: 9.734 Executing VM operation: Cleanup
Event: 9.734 Executing VM operation: Cleanup done
Event: 10.734 Executing VM operation: Cleanup
Event: 10.734 Executing VM operation: Cleanup done
Event: 12.734 Executing VM operation: Cleanup
Event: 12.735 Executing VM operation: Cleanup done
Event: 18.737 Executing VM operation: Cleanup
Event: 18.737 Executing VM operation: Cleanup done

Events (20 events):
Event: 0.429 Thread 0x000001df698545a0 Thread added: 0x000001df698545a0
Event: 0.493 Thread 0x000001df308c2bb0 Thread exited: 0x000001df308c2bb0
Event: 0.493 Thread 0x000001df308c2bb0 Thread added: 0x000001df308c2bb0
Event: 0.497 Thread 0x000001df57cb8e50 Thread added: 0x000001df57cb8e50
Event: 0.852 Thread 0x000001df698545a0 Thread exited: 0x000001df698545a0
Event: 1.250 Thread 0x000001df695b1500 Thread added: 0x000001df695b1500
Event: 1.253 Thread 0x000001df695b75e0 Thread added: 0x000001df695b75e0
Event: 1.606 Thread 0x000001df695b75e0 Thread exited: 0x000001df695b75e0
Event: 6.268 Thread 0x000001df592aa2f0 Thread exited: 0x000001df592aa2f0
Event: 6.519 Thread 0x000001df698d9f20 Thread added: 0x000001df698d9f20
Event: 6.547 Thread 0x000001df69edc050 Thread added: 0x000001df69edc050
Event: 6.888 Thread 0x000001df69edc050 Thread exited: 0x000001df69edc050
Event: 7.662 Thread 0x000001df698d90b0 Thread added: 0x000001df698d90b0
Event: 7.667 Thread 0x000001df698d8be0 Thread added: 0x000001df698d8be0
Event: 12.668 Thread 0x000001df698d8be0 Thread exited: 0x000001df698d8be0
Event: 12.726 Thread 0x000001df698d90b0 Thread exited: 0x000001df698d90b0
Event: 19.102 Thread 0x000001df698d7d70 Thread added: 0x000001df698d7d70
Event: 19.102 Thread 0x000001df698d8be0 Thread added: 0x000001df698d8be0
Event: 19.102 Thread 0x000001df698d7d70 Thread exited: 0x000001df698d7d70
Event: 19.102 Thread 0x000001df57cb8e50 Thread exited: 0x000001df57cb8e50


Dynamic libraries:
0x00007ff63aca0000 - 0x00007ff63acb0000 	C:\Cursos\jdk-18.0.2\bin\java.exe
0x00007ffb4fbf0000 - 0x00007ffb4fde8000 	C:\WINDOWS\SYSTEM32\ntdll.dll
0x00007ffb4fae0000 - 0x00007ffb4fb9f000 	C:\WINDOWS\System32\KERNEL32.DLL
0x00007ffb4d2f0000 - 0x00007ffb4d5c2000 	C:\WINDOWS\System32\KERNELBASE.dll
0x00007ffb4d9c0000 - 0x00007ffb4dac0000 	C:\WINDOWS\System32\ucrtbase.dll
0x00007ffb46c40000 - 0x00007ffb46c5a000 	C:\Cursos\jdk-18.0.2\bin\VCRUNTIME140.dll
0x00007ffb48ed0000 - 0x00007ffb48ee8000 	C:\Cursos\jdk-18.0.2\bin\jli.dll
0x00007ffb4f820000 - 0x00007ffb4f8ce000 	C:\WINDOWS\System32\ADVAPI32.dll
0x00007ffb4f780000 - 0x00007ffb4f81e000 	C:\WINDOWS\System32\msvcrt.dll
0x00007ffb4dc40000 - 0x00007ffb4dcdc000 	C:\WINDOWS\System32\sechost.dll
0x00007ffb4f3c0000 - 0x00007ffb4f4e5000 	C:\WINDOWS\System32\RPCRT4.dll
0x00007ffb4f580000 - 0x00007ffb4f71d000 	C:\WINDOWS\System32\USER32.dll
0x00007ffb4d990000 - 0x00007ffb4d9b2000 	C:\WINDOWS\System32\win32u.dll
0x00007ffb4dce0000 - 0x00007ffb4dd0b000 	C:\WINDOWS\System32\GDI32.dll
0x00007ffb390d0000 - 0x00007ffb3936a000 	C:\WINDOWS\WinSxS\amd64_microsoft.windows.common-controls_6595b64144ccf1df_6.0.19041.1110_none_60b5254171f9507e\COMCTL32.dll
0x00007ffb4dac0000 - 0x00007ffb4dbcf000 	C:\WINDOWS\System32\gdi32full.dll
0x00007ffb4d8f0000 - 0x00007ffb4d98d000 	C:\WINDOWS\System32\msvcp_win.dll
0x00007ffb46d80000 - 0x00007ffb46d8a000 	C:\WINDOWS\SYSTEM32\VERSION.dll
0x00007ffb4dd10000 - 0x00007ffb4dd42000 	C:\WINDOWS\System32\IMM32.DLL
0x00007ffb46b00000 - 0x00007ffb46b0c000 	C:\Cursos\jdk-18.0.2\bin\vcruntime140_1.dll
0x00007ffb24790000 - 0x00007ffb2481d000 	C:\Cursos\jdk-18.0.2\bin\msvcp140.dll
0x00007ffb0ebd0000 - 0x00007ffb0f7e1000 	C:\Cursos\jdk-18.0.2\bin\server\jvm.dll
0x00007ffb4e4d0000 - 0x00007ffb4e4d8000 	C:\WINDOWS\System32\PSAPI.DLL
0x00007ffb43c30000 - 0x00007ffb43c57000 	C:\WINDOWS\SYSTEM32\WINMM.dll
0x00007ffb37730000 - 0x00007ffb37739000 	C:\WINDOWS\SYSTEM32\WSOCK32.dll
0x00007ffb4e460000 - 0x00007ffb4e4cb000 	C:\WINDOWS\System32\WS2_32.dll
0x00007ffb4b1d0000 - 0x00007ffb4b1e2000 	C:\WINDOWS\SYSTEM32\kernel.appcore.dll
0x00007ffb46af0000 - 0x00007ffb46afa000 	C:\Cursos\jdk-18.0.2\bin\jimage.dll
0x00007ffb43980000 - 0x00007ffb43b64000 	C:\WINDOWS\SYSTEM32\DBGHELP.DLL
0x00007ffb37ff0000 - 0x00007ffb3801c000 	C:\WINDOWS\SYSTEM32\dbgcore.DLL
0x00007ffb4d860000 - 0x00007ffb4d8e2000 	C:\WINDOWS\System32\bcryptPrimitives.dll
0x00007ffb37330000 - 0x00007ffb37355000 	C:\Cursos\jdk-18.0.2\bin\java.dll
0x00007ffb37250000 - 0x00007ffb37326000 	C:\Cursos\jdk-18.0.2\bin\jsvml.dll
0x00007ffb4e4e0000 - 0x00007ffb4ec23000 	C:\WINDOWS\System32\SHELL32.dll
0x00007ffb4b3d0000 - 0x00007ffb4bb62000 	C:\WINDOWS\SYSTEM32\windows.storage.dll
0x00007ffb4de90000 - 0x00007ffb4e1e4000 	C:\WINDOWS\System32\combase.dll
0x00007ffb4cc70000 - 0x00007ffb4cca0000 	C:\WINDOWS\SYSTEM32\Wldp.dll
0x00007ffb4eea0000 - 0x00007ffb4ef4d000 	C:\WINDOWS\System32\SHCORE.dll
0x00007ffb4dd50000 - 0x00007ffb4dda5000 	C:\WINDOWS\System32\shlwapi.dll
0x00007ffb4d230000 - 0x00007ffb4d24f000 	C:\WINDOWS\SYSTEM32\profapi.dll
0x00007ffb38740000 - 0x00007ffb38753000 	C:\Cursos\jdk-18.0.2\bin\net.dll
0x00007ffb40da0000 - 0x00007ffb40eac000 	C:\WINDOWS\SYSTEM32\WINHTTP.dll
0x00007ffb4c9d0000 - 0x00007ffb4ca3a000 	C:\WINDOWS\system32\mswsock.dll
0x00007ffb37230000 - 0x00007ffb37246000 	C:\Cursos\jdk-18.0.2\bin\nio.dll
0x00007ffb37210000 - 0x00007ffb37228000 	C:\Cursos\jdk-18.0.2\bin\zip.dll
0x00007ffb35d40000 - 0x00007ffb35ecf000 	C:\Cursos\jdk-18.0.2\bin\awt.dll
0x00007ffb4f8d0000 - 0x00007ffb4f99d000 	C:\WINDOWS\System32\OLEAUT32.dll
0x00007ffb4aa30000 - 0x00007ffb4aac1000 	C:\WINDOWS\SYSTEM32\apphelp.dll
0x00007ffb4aee0000 - 0x00007ffb4af0f000 	C:\WINDOWS\system32\DWMAPI.DLL
0x00007ffb4ad00000 - 0x00007ffb4ad9e000 	C:\WINDOWS\system32\uxtheme.dll
0x00007ffafd570000 - 0x00007ffafd695000 	C:\WINDOWS\system32\opengl32.dll
0x00007ffafd210000 - 0x00007ffafd23c000 	C:\WINDOWS\SYSTEM32\GLU32.dll
0x0000000180000000 - 0x0000000182dd7000 	C:\Users\natan\RivaTuner Statistics Server\RTSSHooks64.dll
0x00007ffb4ef50000 - 0x00007ffb4f3b8000 	C:\WINDOWS\System32\SETUPAPI.dll
0x00007ffb4d680000 - 0x00007ffb4d6ce000 	C:\WINDOWS\System32\cfgmgr32.dll
0x00007ffb4d830000 - 0x00007ffb4d857000 	C:\WINDOWS\System32\bcrypt.dll
0x00007ffb4f9c0000 - 0x00007ffb4fad5000 	C:\WINDOWS\System32\MSCTF.dll
0x00007ffb4ed70000 - 0x00007ffb4ee9a000 	C:\WINDOWS\System32\ole32.dll
0x00007ffb442f0000 - 0x00007ffb444ab000 	C:\WINDOWS\System32\DriverStore\FileRepository\u0385557.inf_amd64_ec9d8bb56fc39c0b\B385520\aticfx64.dll
0x00007ffaa99f0000 - 0x00007ffaab7bf000 	C:\WINDOWS\System32\DriverStore\FileRepository\u0385557.inf_amd64_ec9d8bb56fc39c0b\B385520\amdxn64.dll
0x00007ffb4bbb0000 - 0x00007ffb4bca3000 	C:\WINDOWS\SYSTEM32\dxgi.dll
0x00007ffb40d40000 - 0x00007ffb40d75000 	C:\WINDOWS\SYSTEM32\amdihk64.dll
0x00007ffb454a0000 - 0x00007ffb454db000 	C:\WINDOWS\SYSTEM32\dxcore.dll
0x00007ffb3be50000 - 0x00007ffb3be60000 	C:\Cursos\jdk-18.0.2\bin\verify.dll
0x00007ffb242d0000 - 0x00007ffb24356000 	C:\Cursos\jdk-18.0.2\bin\freetype.dll
0x00007ffb23f40000 - 0x00007ffb23fe8000 	C:\Cursos\jdk-18.0.2\bin\fontmanager.dll
0x00007ffb41060000 - 0x00007ffb41159000 	C:\WINDOWS\SYSTEM32\textinputframework.dll
0x00007ffb4a6b0000 - 0x00007ffb4a7a2000 	C:\WINDOWS\System32\CoreMessaging.dll
0x00007ffb4a350000 - 0x00007ffb4a6ae000 	C:\WINDOWS\System32\CoreUIComponents.dll
0x00007ffb4c410000 - 0x00007ffb4c443000 	C:\WINDOWS\SYSTEM32\ntmarta.dll
0x00007ffb48fd0000 - 0x00007ffb49124000 	C:\WINDOWS\SYSTEM32\wintypes.dll
0x00007ffb4d030000 - 0x00007ffb4d05c000 	C:\WINDOWS\System32\DEVOBJ.dll
0x00007ffb4dbd0000 - 0x00007ffb4dc3a000 	C:\WINDOWS\System32\WINTRUST.dll
0x00007ffb4d6d0000 - 0x00007ffb4d826000 	C:\WINDOWS\System32\CRYPT32.dll
0x00007ffb4ce70000 - 0x00007ffb4ce82000 	C:\WINDOWS\System32\MSASN1.dll
0x00007ffb4e3a0000 - 0x00007ffb4e44f000 	C:\WINDOWS\System32\clbcatq.dll
0x00007ffb470e0000 - 0x00007ffb47294000 	C:\WINDOWS\SYSTEM32\WindowsCodecs.dll
0x00007ffb4c700000 - 0x00007ffb4c7ca000 	C:\WINDOWS\SYSTEM32\DNSAPI.dll
0x00007ffb4c6c0000 - 0x00007ffb4c6fb000 	C:\WINDOWS\SYSTEM32\IPHLPAPI.DLL
0x00007ffb4fba0000 - 0x00007ffb4fba8000 	C:\WINDOWS\System32\NSI.dll
0x000000005b300000 - 0x000000005b326000 	C:\Program Files\Bonjour\mdnsNSP.dll
0x00007ffb3f8d0000 - 0x00007ffb3f8da000 	C:\Windows\System32\rasadhlp.dll
0x00007ffb3f5c0000 - 0x00007ffb3f640000 	C:\WINDOWS\System32\fwpuclnt.dll

dbghelp: loaded successfully - version: 4.0.5 - missing functions: none
symbol engine: initialized successfully - sym options: 0x614 - pdb path: .;C:\Cursos\jdk-18.0.2\bin;C:\WINDOWS\SYSTEM32;C:\WINDOWS\WinSxS\amd64_microsoft.windows.common-controls_6595b64144ccf1df_6.0.19041.1110_none_60b5254171f9507e;C:\Cursos\jdk-18.0.2\bin\server;C:\Users\natan\RivaTuner Statistics Server;C:\WINDOWS\System32\DriverStore\FileRepository\u0385557.inf_amd64_ec9d8bb56fc39c0b\B385520;C:\Program Files\Bonjour

VM Arguments:
jvm_args: -Dfile.encoding=UTF-8 
java_command: Principal.Main
java_class_path (initial): C:\Users\natan\Downloads\VETERINARIA_CATDOG\lib\absolutelayout\AbsoluteLayout.jar;C:\Users\natan\Downloads\VETERINARIA_CATDOG\lib\jcalendar-1.4.jar;C:\Users\natan\Downloads\VETERINARIA_CATDOG\lib\mysql-connector-java-8.0.28.jar;C:\Users\natan\Downloads\VETERINARIA_CATDOG\build\classes
Launcher Type: SUN_STANDARD

[Global flags]
     intx CICompilerCount                          = 4                                         {product} {ergonomic}
     uint ConcGCThreads                            = 3                                         {product} {ergonomic}
     uint G1ConcRefinementThreads                  = 10                                        {product} {ergonomic}
   size_t G1HeapRegionSize                         = 2097152                                   {product} {ergonomic}
    uintx GCDrainStackTargetSize                   = 64                                        {product} {ergonomic}
   size_t InitialHeapSize                          = 266338304                                 {product} {ergonomic}
   size_t MarkStackSize                            = 4194304                                   {product} {ergonomic}
   size_t MaxHeapSize                              = 4261412864                                {product} {ergonomic}
   size_t MaxNewSize                               = 2556428288                                {product} {ergonomic}
   size_t MinHeapDeltaBytes                        = 2097152                                   {product} {ergonomic}
   size_t MinHeapSize                              = 8388608                                   {product} {ergonomic}
    uintx NonNMethodCodeHeapSize                   = 5839372                                {pd product} {ergonomic}
    uintx NonProfiledCodeHeapSize                  = 122909434                              {pd product} {ergonomic}
    uintx ProfiledCodeHeapSize                     = 122909434                              {pd product} {ergonomic}
    uintx ReservedCodeCacheSize                    = 251658240                              {pd product} {ergonomic}
     bool SegmentedCodeCache                       = true                                      {product} {ergonomic}
   size_t SoftMaxHeapSize                          = 4261412864                             {manageable} {ergonomic}
     bool UseCompressedClassPointers               = true                           {product lp64_product} {ergonomic}
     bool UseCompressedOops                        = true                           {product lp64_product} {ergonomic}
     bool UseG1GC                                  = true                                      {product} {ergonomic}
     bool UseLargePagesIndividualAllocation        = false                                  {pd product} {ergonomic}

Logging:
Log output configuration:
 #0: stdout all=warning uptime,level,tags foldmultilines=false
 #1: stderr all=off uptime,level,tags foldmultilines=false

Environment Variables:
JAVA_HOME=C:\Cursos\jdk-18.0.2
PATH=C:\Program Files (x86)\Razer Chroma SDK\bin;C:\Program Files\Razer Chroma SDK\bin;C:\Program Files (x86)\Razer\ChromaBroadcast\bin;C:\Program Files\Razer\ChromaBroadcast\bin;C:\Program Files (x86)\Windows Resource Kits\Tools\;C:\Program Files\Common Files\Oracle\Java\javapath;C:\WINDOWS\system32;C:\WINDOWS;C:\WINDOWS\System32\Wbem;C:\WINDOWS\System32\WindowsPowerShell\v1.0\;C:\WINDOWS\System32\OpenSSH\;C:\WINDOWS\system32;C:\WINDOWS;C:\WINDOWS\System32\Wbem;C:\WINDOWS\System32\WindowsPowerShell\v1.0\;C:\WINDOWS\System32\OpenSSH\;C:\Program Files\IBM\SPSS\Statistics\25\JRE\bin;C:\Program Files\NVIDIA Corporation\NVIDIA NvDLISR;C:\Program Files\Microsoft SQL Server\Client SDK\ODBC\170\Tools\Binn\;C:\Program Files (x86)\Microsoft SQL Server\150\Tools\Binn\;C:\Program Files\Microsoft SQL Server\150\Tools\Binn\;C:\Program Files\Microsoft SQL Server\150\DTS\Binn\;C:\Program Files (x86)\Microsoft SQL Server\150\DTS\Binn\;C:\Program Files\Azure Data Studio\bin;C:\Cursos\jdk-18.0.2\bin;C:\Program Files\JetBrains\IntelliJ IDEA Community Edition 2022.2\bin;C:\WINDOWS\system32\config\systemprofile\AppData\Local\Microsoft\WindowsApps;C:\Users\natan\AppData\Local\Programs\Python\Python38-32\Scripts\;C:\Users\natan\AppData\Local\Programs\Python\Python38-32\;C:\Cursos\jdk-18.0.2\bin;;C:\Program Files\JetBrains\IntelliJ IDEA Community Edition 2022.2\bin;;C:\Program Files\Azure Data Studio\bin;C:\Users\natan\AppData\Local\Programs\Microsoft VS Code\bin
USERNAME=natan
OS=Windows_NT
PROCESSOR_IDENTIFIER=Intel64 Family 6 Model 165 Stepping 5, GenuineIntel



---------------  S Y S T E M  ---------------

OS:
 Windows 10 , 64 bit Build 19041 (10.0.19041.2251)
OS uptime: 0 days 4:40 hours

CPU: total 12 (initial active 12) (6 cores per cpu, 2 threads per core) family 6 model 165 stepping 5 microcode 0xec, cx8, cmov, fxsr, ht, mmx, 3dnowpref, sse, sse2, sse3, ssse3, sse4.1, sse4.2, popcnt, lzcnt, tsc, tscinvbit, avx, avx2, aes, erms, clmul, bmi1, bmi2, adx, fma, vzeroupper, clflush, clflushopt

Memory: 4k page, system-wide physical 16251M (7638M free)
TotalPageFile size 35707M (AvailPageFile size 18022M)
current process WorkingSet (physical memory assigned to process): 169M, peak: 180M
current process commit charge ("private bytes"): 731M, peak: 737M

vm_info: Java HotSpot(TM) 64-Bit Server VM (18.0.2+9-61) for windows-amd64 JRE (18.0.2+9-61), built on Jun  7 2022 13:09:01 by "mach5one" with MS VC++ 16.8 / 16.9 (VS2019)

END.
